# JRE version: Java(TM) SE Runtime Environment (17.0.11+7) (build 17.0.11+7-LTS-207)
# Java VM: Java HotSpot(TM) 64-Bit Server VM (17.0.11+7-LTS-207, mixed mode, sharing, tiered, compressed oops, compressed class ptrs, g1 gc, windows-amd64)
GC Precious Log:
 CPUs: 12 total, 12 available
 Memory: 8112M
 Large Page Support: Disabled
 NUMA Support: Disabled
 Compressed Oops: Enabled (Zero based)
 Heap Region Size: 2M
 Heap Min Capacity: 8M
 Heap Initial Capacity: 128M
 Heap Max Capacity: 4G
 Pre-touch: Disabled
 Parallel Workers: 10
 Concurrent Workers: 3
 Concurrent Refinement Workers: 10
 Periodic GC: Disabled
Heap:
 garbage-first heap   total 747520K, used 306306K [0x0000000700000000, 0x0000000800000000)
  region size 2048K, 13 young (26624K), 3 survivors (6144K)
 Metaspace       used 126426K, committed 128000K, reserved 1179648K
  class space    used 16613K, committed 17280K, reserved 1048576K
GC Heap History (20 events):
Event: 138.542 GC heap before
{Heap before GC invocations=72 (full 0):
 garbage-first heap   total 378880K, used 298862K [0x0000000700000000, 0x0000000800000000)
  region size 2048K, 42 young (86016K), 1 survivors (2048K)
 Metaspace       used 107173K, committed 108544K, reserved 1179648K
  class space    used 14452K, committed 15040K, reserved 1048576K
}
Event: 138.545 GC heap after
{Heap after GC invocations=73 (full 0):
 garbage-first heap   total 378880K, used 216516K [0x0000000700000000, 0x0000000800000000)
  region size 2048K, 1 young (2048K), 1 survivors (2048K)
 Metaspace       used 107173K, committed 108544K, reserved 1179648K
  class space    used 14452K, committed 15040K, reserved 1048576K
}
Event: 151.869 GC heap before
{Heap before GC invocations=73 (full 0):
 garbage-first heap   total 378880K, used 308676K [0x0000000700000000, 0x0000000800000000)
  region size 2048K, 47 young (96256K), 1 survivors (2048K)
 Metaspace       used 109014K, committed 110400K, reserved 1179648K
  class space    used 14653K, committed 15232K, reserved 1048576K
}
Event: 151.877 GC heap after
{Heap after GC invocations=74 (full 0):
 garbage-first heap   total 378880K, used 222607K [0x0000000700000000, 0x0000000800000000)
  region size 2048K, 4 young (8192K), 4 survivors (8192K)
 Metaspace       used 109014K, committed 110400K, reserved 1179648K
  class space    used 14653K, committed 15232K, reserved 1048576K
}
Event: 159.264 GC heap before
{Heap before GC invocations=74 (full 0):
 garbage-first heap   total 378880K, used 310671K [0x0000000700000000, 0x0000000800000000)
  region size 2048K, 48 young (98304K), 4 survivors (8192K)
 Metaspace       used 109750K, committed 111168K, reserved 1179648K
  class space    used 14705K, committed 15296K, reserved 1048576K
}
Event: 159.280 GC heap after
{Heap after GC invocations=75 (full 0):
 garbage-first heap   total 378880K, used 229949K [0x0000000700000000, 0x0000000800000000)
  region size 2048K, 4 young (8192K), 4 survivors (8192K)
 Metaspace       used 109750K, committed 111168K, reserved 1179648K
  class space    used 14705K, committed 15296K, reserved 1048576K
}
Event: 172.937 GC heap before
{Heap before GC invocations=75 (full 0):
 garbage-first heap   total 378880K, used 311869K [0x0000000700000000, 0x0000000800000000)
  region size 2048K, 45 young (92160K), 4 survivors (8192K)
 Metaspace       used 111708K, committed 113152K, reserved 1179648K
  class space    used 14929K, committed 15552K, reserved 1048576K
}
Event: 172.949 GC heap after
{Heap after GC invocations=76 (full 0):
 garbage-first heap   total 378880K, used 236739K [0x0000000700000000, 0x0000000800000000)
  region size 2048K, 5 young (10240K), 5 survivors (10240K)
 Metaspace       used 111708K, committed 113152K, reserved 1179648K
  class space    used 14929K, committed 15552K, reserved 1048576K
}
Event: 184.111 GC heap before
{Heap before GC invocations=76 (full 0):
 garbage-first heap   total 378880K, used 312515K [0x0000000700000000, 0x0000000800000000)
  region size 2048K, 42 young (86016K), 5 survivors (10240K)
 Metaspace       used 121275K, committed 122816K, reserved 1179648K
  class space    used 16167K, committed 16832K, reserved 1048576K
}
Event: 184.208 GC heap after
{Heap after GC invocations=77 (full 0):
 garbage-first heap   total 378880K, used 249025K [0x0000000700000000, 0x0000000800000000)
  region size 2048K, 6 young (12288K), 6 survivors (12288K)
 Metaspace       used 121275K, committed 122816K, reserved 1179648K
  class space    used 16167K, committed 16832K, reserved 1048576K
}
Event: 198.999 GC heap before
{Heap before GC invocations=77 (full 0):
 garbage-first heap   total 378880K, used 312513K [0x0000000700000000, 0x0000000800000000)
  region size 2048K, 37 young (75776K), 6 survivors (12288K)
 Metaspace       used 124889K, committed 126464K, reserved 1179648K
  class space    used 16565K, committed 17216K, reserved 1048576K
}
Event: 199.440 GC heap after
{Heap after GC invocations=78 (full 0):
 garbage-first heap   total 378880K, used 256541K [0x0000000700000000, 0x0000000800000000)
  region size 2048K, 5 young (10240K), 5 survivors (10240K)
 Metaspace       used 124889K, committed 126464K, reserved 1179648K
  class space    used 16565K, committed 17216K, reserved 1048576K
}
Event: 203.783 GC heap before
{Heap before GC invocations=78 (full 0):
 garbage-first heap   total 378880K, used 313885K [0x0000000700000000, 0x0000000800000000)
  region size 2048K, 33 young (67584K), 5 survivors (10240K)
 Metaspace       used 125752K, committed 127296K, reserved 1179648K
  class space    used 16580K, committed 17216K, reserved 1048576K
}
Event: 203.793 GC heap after
{Heap after GC invocations=79 (full 0):
 garbage-first heap   total 378880K, used 262532K [0x0000000700000000, 0x0000000800000000)
  region size 2048K, 4 young (8192K), 4 survivors (8192K)
 Metaspace       used 125752K, committed 127296K, reserved 1179648K
  class space    used 16580K, committed 17216K, reserved 1048576K
}
Event: 217.152 GC heap before
{Heap before GC invocations=79 (full 0):
 garbage-first heap   total 378880K, used 315780K [0x0000000700000000, 0x0000000800000000)
  region size 2048K, 30 young (61440K), 4 survivors (8192K)
 Metaspace       used 125999K, committed 127616K, reserved 1179648K
  class space    used 16597K, committed 17280K, reserved 1048576K
}
Event: 217.344 GC heap after
{Heap after GC invocations=80 (full 0):
 garbage-first heap   total 378880K, used 274964K [0x0000000700000000, 0x0000000800000000)
  region size 2048K, 4 young (8192K), 4 survivors (8192K)
 Metaspace       used 125999K, committed 127616K, reserved 1179648K
  class space    used 16597K, committed 17280K, reserved 1048576K
}
Event: 219.357 GC heap before
{Heap before GC invocations=80 (full 0):
 garbage-first heap   total 378880K, used 315924K [0x0000000700000000, 0x0000000800000000)
  region size 2048K, 24 young (49152K), 4 survivors (8192K)
 Metaspace       used 126181K, committed 127744K, reserved 1179648K
  class space    used 16601K, committed 17280K, reserved 1048576K
}
Event: 219.819 GC heap after
{Heap after GC invocations=81 (full 0):
 garbage-first heap   total 378880K, used 281615K [0x0000000700000000, 0x0000000800000000)
  region size 2048K, 3 young (6144K), 3 survivors (6144K)
 Metaspace       used 126181K, committed 127744K, reserved 1179648K
  class space    used 16601K, committed 17280K, reserved 1048576K
}
Event: 228.587 GC heap before
{Heap before GC invocations=81 (full 0):
 garbage-first heap   total 378880K, used 316431K [0x0000000700000000, 0x0000000800000000)
  region size 2048K, 21 young (43008K), 3 survivors (6144K)
 Metaspace       used 126391K, committed 128000K, reserved 1179648K
  class space    used 16608K, committed 17280K, reserved 1048576K
}
Event: 228.642 GC heap after
{Heap after GC invocations=82 (full 0):
 garbage-first heap   total 747520K, used 285826K [0x0000000700000000, 0x0000000800000000)
  region size 2048K, 3 young (6144K), 3 survivors (6144K)
 Metaspace       used 126391K, committed 128000K, reserved 1179648K
  class space    used 16608K, committed 17280K, reserved 1048576K
}

